TN:
SF:src\contexts\AuthContext.tsx
FN:34,authReducer
FN:51,(anonymous_17)
FN:55,(anonymous_18)
FN:55,(anonymous_19)
FN:58,(anonymous_20)
FN:68,(anonymous_21)
FN:68,(anonymous_22)
FN:70,(anonymous_23)
FN:81,(anonymous_24)
FN:92,(anonymous_25)
FNF:10
FNH:0
FNDA:0,authReducer
FNDA:0,(anonymous_17)
FNDA:0,(anonymous_18)
FNDA:0,(anonymous_19)
FNDA:0,(anonymous_20)
FNDA:0,(anonymous_21)
FNDA:0,(anonymous_22)
FNDA:0,(anonymous_23)
FNDA:0,(anonymous_24)
FNDA:0,(anonymous_25)
DA:1,1
DA:22,1
DA:28,1
DA:29,1
DA:30,1
DA:31,1
DA:35,0
DA:37,0
DA:39,0
DA:41,0
DA:43,0
DA:45,0
DA:49,1
DA:51,1
DA:52,0
DA:55,0
DA:56,0
DA:57,0
DA:58,0
DA:59,0
DA:60,0
DA:62,0
DA:63,0
DA:68,0
DA:69,0
DA:70,0
DA:71,0
DA:77,0
DA:81,0
DA:82,0
DA:85,0
DA:92,1
DA:93,0
DA:94,0
DA:95,0
DA:97,0
LF:36
LH:9
BRDA:35,0,0,0
BRDA:35,0,1,0
BRDA:35,0,2,0
BRDA:35,0,3,0
BRDA:35,0,4,0
BRDA:94,1,0,0
BRDA:94,1,1,0
BRF:7
BRH:0
end_of_record
TN:
SF:src\pages\LoginPage.tsx
FN:4,(anonymous_7)
FN:10,(anonymous_8)
FN:10,(anonymous_9)
FN:34,(anonymous_10)
FN:45,(anonymous_11)
FNF:5
FNH:5
FNDA:29,(anonymous_7)
FNDA:1,(anonymous_8)
FNDA:1,(anonymous_9)
FNDA:19,(anonymous_10)
FNDA:6,(anonymous_11)
DA:1,1
DA:2,1
DA:4,1
DA:5,29
DA:6,29
DA:7,29
DA:8,29
DA:10,29
DA:11,1
DA:12,1
DA:13,1
DA:14,1
DA:16,1
DA:20,29
DA:34,19
DA:45,6
DA:62,1
LF:17
LH:17
BRDA:49,0,0,29
BRDA:49,0,1,1
BRDA:55,1,0,0
BRDA:55,1,1,29
BRF:4
BRH:3
end_of_record
